<?xml version="1.0" encoding="UTF-8" standalone="no"?>
<!DOCTYPE report PUBLIC "-//JACOCO//DTD Report 1.1//EN" "report.dtd"[]>
<report name="Pester (01/12/2024 16:11:37)">
  <sessioninfo id="this" start="1705075890835" dump="1705075897572" />
  <package name="AzCostTools">
    <class name="AzCostTools/AzCostTools" sourcefilename="AzCostTools.psm1">
      <method name="&lt;script&gt;" desc="()" line="1">
        <counter type="INSTRUCTION" missed="3" covered="10" />
        <counter type="LINE" missed="2" covered="5" />
        <counter type="METHOD" missed="0" covered="1" />
      </method>
      <counter type="INSTRUCTION" missed="3" covered="10" />
      <counter type="LINE" missed="2" covered="5" />
      <counter type="METHOD" missed="0" covered="1" />
      <counter type="CLASS" missed="0" covered="1" />
    </class>
    <sourcefile name="AzCostTools.psm1">
      <line nr="1" mi="0" ci="2" mb="0" cb="0" />
      <line nr="2" mi="0" ci="2" mb="0" cb="0" />
      <line nr="4" mi="0" ci="3" mb="0" cb="0" />
      <line nr="6" mi="0" ci="1" mb="0" cb="0" />
      <line nr="9" mi="2" ci="0" mb="0" cb="0" />
      <line nr="13" mi="0" ci="2" mb="0" cb="0" />
      <line nr="14" mi="1" ci="0" mb="0" cb="0" />
      <counter type="INSTRUCTION" missed="3" covered="10" />
      <counter type="LINE" missed="2" covered="5" />
      <counter type="METHOD" missed="0" covered="1" />
      <counter type="CLASS" missed="0" covered="1" />
    </sourcefile>
    <counter type="INSTRUCTION" missed="3" covered="10" />
    <counter type="LINE" missed="2" covered="5" />
    <counter type="METHOD" missed="0" covered="1" />
    <counter type="CLASS" missed="0" covered="1" />
  </package>
  <package name="AzCostTools/Private">
    <class name="AzCostTools/Private/Format-Currency" sourcefilename="Private/Format-Currency.ps1">
      <method name="Format-Currency" desc="()" line="17">
        <counter type="INSTRUCTION" missed="0" covered="32" />
        <counter type="LINE" missed="0" covered="31" />
        <counter type="METHOD" missed="0" covered="1" />
      </method>
      <counter type="INSTRUCTION" missed="0" covered="32" />
      <counter type="LINE" missed="0" covered="31" />
      <counter type="METHOD" missed="0" covered="1" />
      <counter type="CLASS" missed="0" covered="1" />
    </class>
    <class name="AzCostTools/Private/Get-DailyCost" sourcefilename="Private/Get-DailyCost.ps1">
      <method name="Get-DailyCost" desc="()" line="3">
        <counter type="INSTRUCTION" missed="0" covered="9" />
        <counter type="LINE" missed="0" covered="4" />
        <counter type="METHOD" missed="0" covered="1" />
      </method>
      <counter type="INSTRUCTION" missed="0" covered="9" />
      <counter type="LINE" missed="0" covered="4" />
      <counter type="METHOD" missed="0" covered="1" />
      <counter type="CLASS" missed="0" covered="1" />
    </class>
    <class name="AzCostTools/Private/Get-DailyCostChange" sourcefilename="Private/Get-DailyCostChange.ps1">
      <method name="Get-DailyCostChange" desc="()" line="3">
        <counter type="INSTRUCTION" missed="0" covered="16" />
        <counter type="LINE" missed="0" covered="10" />
        <counter type="METHOD" missed="0" covered="1" />
      </method>
      <counter type="INSTRUCTION" missed="0" covered="16" />
      <counter type="LINE" missed="0" covered="10" />
      <counter type="METHOD" missed="0" covered="1" />
      <counter type="CLASS" missed="0" covered="1" />
    </class>
    <class name="AzCostTools/Private/Get-ServiceCost" sourcefilename="Private/Get-ServiceCost.ps1">
      <method name="Get-ServiceCost" desc="()" line="3">
        <counter type="INSTRUCTION" missed="0" covered="8" />
        <counter type="LINE" missed="0" covered="4" />
        <counter type="METHOD" missed="0" covered="1" />
      </method>
      <counter type="INSTRUCTION" missed="0" covered="8" />
      <counter type="LINE" missed="0" covered="4" />
      <counter type="METHOD" missed="0" covered="1" />
      <counter type="CLASS" missed="0" covered="1" />
    </class>
    <class name="AzCostTools/Private/Test-PSparklinesModule" sourcefilename="Private/Test-PSparklinesModule.ps1">
      <method name="Test-PSparklinesModule" desc="()" line="6">
        <counter type="INSTRUCTION" missed="0" covered="3" />
        <counter type="LINE" missed="0" covered="3" />
        <counter type="METHOD" missed="0" covered="1" />
      </method>
      <counter type="INSTRUCTION" missed="0" covered="3" />
      <counter type="LINE" missed="0" covered="3" />
      <counter type="METHOD" missed="0" covered="1" />
      <counter type="CLASS" missed="0" covered="1" />
    </class>
    <sourcefile name="Private/Format-Currency.ps1">
      <line nr="17" mi="0" ci="1" mb="0" cb="0" />
      <line nr="18" mi="0" ci="1" mb="0" cb="0" />
      <line nr="19" mi="0" ci="1" mb="0" cb="0" />
      <line nr="20" mi="0" ci="1" mb="0" cb="0" />
      <line nr="21" mi="0" ci="1" mb="0" cb="0" />
      <line nr="22" mi="0" ci="1" mb="0" cb="0" />
      <line nr="23" mi="0" ci="1" mb="0" cb="0" />
      <line nr="24" mi="0" ci="1" mb="0" cb="0" />
      <line nr="25" mi="0" ci="1" mb="0" cb="0" />
      <line nr="26" mi="0" ci="1" mb="0" cb="0" />
      <line nr="27" mi="0" ci="1" mb="0" cb="0" />
      <line nr="28" mi="0" ci="1" mb="0" cb="0" />
      <line nr="29" mi="0" ci="1" mb="0" cb="0" />
      <line nr="30" mi="0" ci="1" mb="0" cb="0" />
      <line nr="31" mi="0" ci="1" mb="0" cb="0" />
      <line nr="32" mi="0" ci="1" mb="0" cb="0" />
      <line nr="33" mi="0" ci="1" mb="0" cb="0" />
      <line nr="34" mi="0" ci="1" mb="0" cb="0" />
      <line nr="35" mi="0" ci="1" mb="0" cb="0" />
      <line nr="36" mi="0" ci="1" mb="0" cb="0" />
      <line nr="37" mi="0" ci="1" mb="0" cb="0" />
      <line nr="38" mi="0" ci="1" mb="0" cb="0" />
      <line nr="39" mi="0" ci="1" mb="0" cb="0" />
      <line nr="40" mi="0" ci="1" mb="0" cb="0" />
      <line nr="41" mi="0" ci="1" mb="0" cb="0" />
      <line nr="42" mi="0" ci="1" mb="0" cb="0" />
      <line nr="43" mi="0" ci="1" mb="0" cb="0" />
      <line nr="44" mi="0" ci="1" mb="0" cb="0" />
      <line nr="45" mi="0" ci="1" mb="0" cb="0" />
      <line nr="46" mi="0" ci="1" mb="0" cb="0" />
      <line nr="49" mi="0" ci="2" mb="0" cb="0" />
      <counter type="INSTRUCTION" missed="0" covered="32" />
      <counter type="LINE" missed="0" covered="31" />
      <counter type="METHOD" missed="0" covered="1" />
      <counter type="CLASS" missed="0" covered="1" />
    </sourcefile>
    <sourcefile name="Private/Get-DailyCost.ps1">
      <line nr="3" mi="0" ci="3" mb="0" cb="0" />
      <line nr="4" mi="0" ci="1" mb="0" cb="0" />
      <line nr="5" mi="0" ci="2" mb="0" cb="0" />
      <line nr="6" mi="0" ci="3" mb="0" cb="0" />
      <counter type="INSTRUCTION" missed="0" covered="9" />
      <counter type="LINE" missed="0" covered="4" />
      <counter type="METHOD" missed="0" covered="1" />
      <counter type="CLASS" missed="0" covered="1" />
    </sourcefile>
    <sourcefile name="Private/Get-DailyCostChange.ps1">
      <line nr="3" mi="0" ci="1" mb="0" cb="0" />
      <line nr="5" mi="0" ci="3" mb="0" cb="0" />
      <line nr="6" mi="0" ci="3" mb="0" cb="0" />
      <line nr="8" mi="0" ci="2" mb="0" cb="0" />
      <line nr="10" mi="0" ci="1" mb="0" cb="0" />
      <line nr="11" mi="0" ci="1" mb="0" cb="0" />
      <line nr="12" mi="0" ci="1" mb="0" cb="0" />
      <line nr="13" mi="0" ci="1" mb="0" cb="0" />
      <line nr="14" mi="0" ci="1" mb="0" cb="0" />
      <line nr="15" mi="0" ci="2" mb="0" cb="0" />
      <counter type="INSTRUCTION" missed="0" covered="16" />
      <counter type="LINE" missed="0" covered="10" />
      <counter type="METHOD" missed="0" covered="1" />
      <counter type="CLASS" missed="0" covered="1" />
    </sourcefile>
    <sourcefile name="Private/Get-ServiceCost.ps1">
      <line nr="3" mi="0" ci="3" mb="0" cb="0" />
      <line nr="4" mi="0" ci="1" mb="0" cb="0" />
      <line nr="5" mi="0" ci="1" mb="0" cb="0" />
      <line nr="6" mi="0" ci="3" mb="0" cb="0" />
      <counter type="INSTRUCTION" missed="0" covered="8" />
      <counter type="LINE" missed="0" covered="4" />
      <counter type="METHOD" missed="0" covered="1" />
      <counter type="CLASS" missed="0" covered="1" />
    </sourcefile>
    <sourcefile name="Private/Test-PSparklinesModule.ps1">
      <line nr="6" mi="0" ci="1" mb="0" cb="0" />
      <line nr="7" mi="0" ci="1" mb="0" cb="0" />
      <line nr="10" mi="0" ci="1" mb="0" cb="0" />
      <counter type="INSTRUCTION" missed="0" covered="3" />
      <counter type="LINE" missed="0" covered="3" />
      <counter type="METHOD" missed="0" covered="1" />
      <counter type="CLASS" missed="0" covered="1" />
    </sourcefile>
    <counter type="INSTRUCTION" missed="0" covered="68" />
    <counter type="LINE" missed="0" covered="52" />
    <counter type="METHOD" missed="0" covered="5" />
    <counter type="CLASS" missed="0" covered="5" />
  </package>
  <package name="AzCostTools/Public">
    <class name="AzCostTools/Public/Get-SubscriptionCost" sourcefilename="Public/Get-SubscriptionCost.ps1">
      <method name="Get-SubscriptionCost" desc="()" line="71">
        <counter type="INSTRUCTION" missed="3" covered="152" />
        <counter type="LINE" missed="2" covered="89" />
        <counter type="METHOD" missed="0" covered="1" />
      </method>
      <counter type="INSTRUCTION" missed="3" covered="152" />
      <counter type="LINE" missed="2" covered="89" />
      <counter type="METHOD" missed="0" covered="1" />
      <counter type="CLASS" missed="0" covered="1" />
    </class>
    <class name="AzCostTools/Public/Show-CostAnalysis" sourcefilename="Public/Show-CostAnalysis.ps1">
      <method name="Show-CostAnalysis" desc="()" line="40">
        <counter type="INSTRUCTION" missed="235" covered="0" />
        <counter type="LINE" missed="95" covered="0" />
        <counter type="METHOD" missed="1" covered="0" />
      </method>
      <counter type="INSTRUCTION" missed="235" covered="0" />
      <counter type="LINE" missed="95" covered="0" />
      <counter type="METHOD" missed="1" covered="0" />
      <counter type="CLASS" missed="1" covered="0" />
    </class>
    <sourcefile name="Public/Get-SubscriptionCost.ps1">
      <line nr="71" mi="0" ci="1" mb="0" cb="0" />
      <line nr="89" mi="0" ci="1" mb="0" cb="0" />
      <line nr="93" mi="0" ci="1" mb="0" cb="0" />
      <line nr="94" mi="0" ci="2" mb="0" cb="0" />
      <line nr="97" mi="0" ci="1" mb="0" cb="0" />
      <line nr="99" mi="0" ci="1" mb="0" cb="0" />
      <line nr="100" mi="0" ci="1" mb="0" cb="0" />
      <line nr="102" mi="0" ci="3" mb="0" cb="0" />
      <line nr="104" mi="0" ci="2" mb="0" cb="0" />
      <line nr="105" mi="0" ci="1" mb="0" cb="0" />
      <line nr="107" mi="0" ci="3" mb="0" cb="0" />
      <line nr="108" mi="0" ci="1" mb="0" cb="0" />
      <line nr="111" mi="0" ci="2" mb="0" cb="0" />
      <line nr="113" mi="0" ci="1" mb="0" cb="0" />
      <line nr="114" mi="0" ci="1" mb="0" cb="0" />
      <line nr="117" mi="0" ci="1" mb="0" cb="0" />
      <line nr="119" mi="0" ci="1" mb="0" cb="0" />
      <line nr="122" mi="0" ci="3" mb="0" cb="0" />
      <line nr="123" mi="0" ci="3" mb="0" cb="0" />
      <line nr="125" mi="0" ci="1" mb="0" cb="0" />
      <line nr="126" mi="0" ci="2" mb="0" cb="0" />
      <line nr="127" mi="0" ci="1" mb="0" cb="0" />
      <line nr="128" mi="0" ci="1" mb="0" cb="0" />
      <line nr="130" mi="0" ci="1" mb="0" cb="0" />
      <line nr="132" mi="0" ci="1" mb="0" cb="0" />
      <line nr="133" mi="0" ci="1" mb="0" cb="0" />
      <line nr="134" mi="0" ci="1" mb="0" cb="0" />
      <line nr="135" mi="0" ci="1" mb="0" cb="0" />
      <line nr="140" mi="0" ci="1" mb="0" cb="0" />
      <line nr="141" mi="0" ci="2" mb="0" cb="0" />
      <line nr="144" mi="0" ci="1" mb="0" cb="0" />
      <line nr="145" mi="0" ci="1" mb="0" cb="0" />
      <line nr="146" mi="0" ci="1" mb="0" cb="0" />
      <line nr="147" mi="0" ci="1" mb="0" cb="0" />
      <line nr="148" mi="0" ci="1" mb="0" cb="0" />
      <line nr="149" mi="0" ci="2" mb="0" cb="0" />
      <line nr="150" mi="0" ci="2" mb="0" cb="0" />
      <line nr="151" mi="0" ci="2" mb="0" cb="0" />
      <line nr="152" mi="0" ci="2" mb="0" cb="0" />
      <line nr="153" mi="0" ci="4" mb="0" cb="0" />
      <line nr="154" mi="0" ci="4" mb="0" cb="0" />
      <line nr="155" mi="0" ci="1" mb="0" cb="0" />
      <line nr="156" mi="0" ci="1" mb="0" cb="0" />
      <line nr="157" mi="0" ci="4" mb="0" cb="0" />
      <line nr="158" mi="0" ci="4" mb="0" cb="0" />
      <line nr="159" mi="0" ci="4" mb="0" cb="0" />
      <line nr="160" mi="0" ci="4" mb="0" cb="0" />
      <line nr="161" mi="0" ci="1" mb="0" cb="0" />
      <line nr="164" mi="0" ci="1" mb="0" cb="0" />
      <line nr="166" mi="0" ci="1" mb="0" cb="0" />
      <line nr="168" mi="0" ci="1" mb="0" cb="0" />
      <line nr="170" mi="0" ci="3" mb="0" cb="0" />
      <line nr="171" mi="0" ci="1" mb="0" cb="0" />
      <line nr="172" mi="0" ci="2" mb="0" cb="0" />
      <line nr="173" mi="0" ci="1" mb="0" cb="0" />
      <line nr="175" mi="0" ci="1" mb="0" cb="0" />
      <line nr="176" mi="0" ci="1" mb="0" cb="0" />
      <line nr="177" mi="0" ci="1" mb="0" cb="0" />
      <line nr="179" mi="0" ci="1" mb="0" cb="0" />
      <line nr="180" mi="0" ci="2" mb="0" cb="0" />
      <line nr="183" mi="0" ci="1" mb="0" cb="0" />
      <line nr="184" mi="0" ci="1" mb="0" cb="0" />
      <line nr="185" mi="0" ci="1" mb="0" cb="0" />
      <line nr="186" mi="0" ci="2" mb="0" cb="0" />
      <line nr="187" mi="0" ci="2" mb="0" cb="0" />
      <line nr="188" mi="0" ci="2" mb="0" cb="0" />
      <line nr="189" mi="0" ci="2" mb="0" cb="0" />
      <line nr="190" mi="0" ci="4" mb="0" cb="0" />
      <line nr="191" mi="0" ci="4" mb="0" cb="0" />
      <line nr="192" mi="0" ci="1" mb="0" cb="0" />
      <line nr="193" mi="0" ci="1" mb="0" cb="0" />
      <line nr="194" mi="0" ci="4" mb="0" cb="0" />
      <line nr="195" mi="0" ci="4" mb="0" cb="0" />
      <line nr="196" mi="0" ci="4" mb="0" cb="0" />
      <line nr="197" mi="0" ci="4" mb="0" cb="0" />
      <line nr="198" mi="0" ci="1" mb="0" cb="0" />
      <line nr="199" mi="0" ci="1" mb="0" cb="0" />
      <line nr="200" mi="0" ci="1" mb="0" cb="0" />
      <line nr="203" mi="0" ci="1" mb="0" cb="0" />
      <line nr="206" mi="0" ci="1" mb="0" cb="0" />
      <line nr="208" mi="0" ci="1" mb="0" cb="0" />
      <line nr="209" mi="0" ci="1" mb="0" cb="0" />
      <line nr="212" mi="0" ci="1" mb="0" cb="0" />
      <line nr="215" mi="0" ci="1" mb="0" cb="0" />
      <line nr="217" mi="0" ci="1" mb="0" cb="0" />
      <line nr="218" mi="0" ci="1" mb="0" cb="0" />
      <line nr="221" mi="0" ci="1" mb="0" cb="0" />
      <line nr="224" mi="0" ci="1" mb="0" cb="0" />
      <line nr="227" mi="2" ci="0" mb="0" cb="0" />
      <line nr="234" mi="1" ci="0" mb="0" cb="0" />
      <line nr="238" mi="0" ci="3" mb="0" cb="0" />
      <counter type="INSTRUCTION" missed="3" covered="152" />
      <counter type="LINE" missed="2" covered="89" />
      <counter type="METHOD" missed="0" covered="1" />
      <counter type="CLASS" missed="0" covered="1" />
    </sourcefile>
    <sourcefile name="Public/Show-CostAnalysis.ps1">
      <line nr="40" mi="1" ci="0" mb="0" cb="0" />
      <line nr="43" mi="1" ci="0" mb="0" cb="0" />
      <line nr="46" mi="3" ci="0" mb="0" cb="0" />
      <line nr="48" mi="1" ci="0" mb="0" cb="0" />
      <line nr="50" mi="1" ci="0" mb="0" cb="0" />
      <line nr="52" mi="3" ci="0" mb="0" cb="0" />
      <line nr="54" mi="3" ci="0" mb="0" cb="0" />
      <line nr="55" mi="5" ci="0" mb="0" cb="0" />
      <line nr="56" mi="5" ci="0" mb="0" cb="0" />
      <line nr="57" mi="2" ci="0" mb="0" cb="0" />
      <line nr="58" mi="3" ci="0" mb="0" cb="0" />
      <line nr="59" mi="2" ci="0" mb="0" cb="0" />
      <line nr="60" mi="1" ci="0" mb="0" cb="0" />
      <line nr="61" mi="3" ci="0" mb="0" cb="0" />
      <line nr="63" mi="3" ci="0" mb="0" cb="0" />
      <line nr="65" mi="6" ci="0" mb="0" cb="0" />
      <line nr="66" mi="6" ci="0" mb="0" cb="0" />
      <line nr="67" mi="6" ci="0" mb="0" cb="0" />
      <line nr="68" mi="5" ci="0" mb="0" cb="0" />
      <line nr="69" mi="5" ci="0" mb="0" cb="0" />
      <line nr="70" mi="1" ci="0" mb="0" cb="0" />
      <line nr="72" mi="5" ci="0" mb="0" cb="0" />
      <line nr="74" mi="3" ci="0" mb="0" cb="0" />
      <line nr="75" mi="1" ci="0" mb="0" cb="0" />
      <line nr="76" mi="1" ci="0" mb="0" cb="0" />
      <line nr="78" mi="1" ci="0" mb="0" cb="0" />
      <line nr="80" mi="1" ci="0" mb="0" cb="0" />
      <line nr="81" mi="1" ci="0" mb="0" cb="0" />
      <line nr="82" mi="3" ci="0" mb="0" cb="0" />
      <line nr="83" mi="3" ci="0" mb="0" cb="0" />
      <line nr="87" mi="1" ci="0" mb="0" cb="0" />
      <line nr="88" mi="3" ci="0" mb="0" cb="0" />
      <line nr="92" mi="6" ci="0" mb="0" cb="0" />
      <line nr="94" mi="4" ci="0" mb="0" cb="0" />
      <line nr="95" mi="5" ci="0" mb="0" cb="0" />
      <line nr="96" mi="4" ci="0" mb="0" cb="0" />
      <line nr="99" mi="1" ci="0" mb="0" cb="0" />
      <line nr="100" mi="1" ci="0" mb="0" cb="0" />
      <line nr="103" mi="3" ci="0" mb="0" cb="0" />
      <line nr="104" mi="1" ci="0" mb="0" cb="0" />
      <line nr="105" mi="1" ci="0" mb="0" cb="0" />
      <line nr="106" mi="3" ci="0" mb="0" cb="0" />
      <line nr="108" mi="1" ci="0" mb="0" cb="0" />
      <line nr="110" mi="3" ci="0" mb="0" cb="0" />
      <line nr="111" mi="5" ci="0" mb="0" cb="0" />
      <line nr="113" mi="2" ci="0" mb="0" cb="0" />
      <line nr="114" mi="3" ci="0" mb="0" cb="0" />
      <line nr="115" mi="2" ci="0" mb="0" cb="0" />
      <line nr="116" mi="3" ci="0" mb="0" cb="0" />
      <line nr="117" mi="1" ci="0" mb="0" cb="0" />
      <line nr="119" mi="3" ci="0" mb="0" cb="0" />
      <line nr="121" mi="2" ci="0" mb="0" cb="0" />
      <line nr="123" mi="1" ci="0" mb="0" cb="0" />
      <line nr="124" mi="2" ci="0" mb="0" cb="0" />
      <line nr="125" mi="5" ci="0" mb="0" cb="0" />
      <line nr="128" mi="1" ci="0" mb="0" cb="0" />
      <line nr="130" mi="1" ci="0" mb="0" cb="0" />
      <line nr="132" mi="1" ci="0" mb="0" cb="0" />
      <line nr="134" mi="3" ci="0" mb="0" cb="0" />
      <line nr="135" mi="4" ci="0" mb="0" cb="0" />
      <line nr="136" mi="4" ci="0" mb="0" cb="0" />
      <line nr="138" mi="1" ci="0" mb="0" cb="0" />
      <line nr="139" mi="2" ci="0" mb="0" cb="0" />
      <line nr="143" mi="1" ci="0" mb="0" cb="0" />
      <line nr="145" mi="3" ci="0" mb="0" cb="0" />
      <line nr="146" mi="1" ci="0" mb="0" cb="0" />
      <line nr="147" mi="1" ci="0" mb="0" cb="0" />
      <line nr="148" mi="3" ci="0" mb="0" cb="0" />
      <line nr="150" mi="1" ci="0" mb="0" cb="0" />
      <line nr="152" mi="3" ci="0" mb="0" cb="0" />
      <line nr="153" mi="5" ci="0" mb="0" cb="0" />
      <line nr="155" mi="1" ci="0" mb="0" cb="0" />
      <line nr="156" mi="1" ci="0" mb="0" cb="0" />
      <line nr="157" mi="1" ci="0" mb="0" cb="0" />
      <line nr="158" mi="1" ci="0" mb="0" cb="0" />
      <line nr="159" mi="2" ci="0" mb="0" cb="0" />
      <line nr="160" mi="3" ci="0" mb="0" cb="0" />
      <line nr="161" mi="2" ci="0" mb="0" cb="0" />
      <line nr="162" mi="3" ci="0" mb="0" cb="0" />
      <line nr="163" mi="1" ci="0" mb="0" cb="0" />
      <line nr="164" mi="5" ci="0" mb="0" cb="0" />
      <line nr="165" mi="1" ci="0" mb="0" cb="0" />
      <line nr="167" mi="2" ci="0" mb="0" cb="0" />
      <line nr="169" mi="1" ci="0" mb="0" cb="0" />
      <line nr="170" mi="2" ci="0" mb="0" cb="0" />
      <line nr="171" mi="5" ci="0" mb="0" cb="0" />
      <line nr="174" mi="1" ci="0" mb="0" cb="0" />
      <line nr="176" mi="1" ci="0" mb="0" cb="0" />
      <line nr="178" mi="1" ci="0" mb="0" cb="0" />
      <line nr="180" mi="3" ci="0" mb="0" cb="0" />
      <line nr="181" mi="4" ci="0" mb="0" cb="0" />
      <line nr="182" mi="4" ci="0" mb="0" cb="0" />
      <line nr="184" mi="1" ci="0" mb="0" cb="0" />
      <line nr="185" mi="2" ci="0" mb="0" cb="0" />
      <line nr="188" mi="1" ci="0" mb="0" cb="0" />
      <counter type="INSTRUCTION" missed="235" covered="0" />
      <counter type="LINE" missed="95" covered="0" />
      <counter type="METHOD" missed="1" covered="0" />
      <counter type="CLASS" missed="1" covered="0" />
    </sourcefile>
    <counter type="INSTRUCTION" missed="238" covered="152" />
    <counter type="LINE" missed="97" covered="89" />
    <counter type="METHOD" missed="1" covered="1" />
    <counter type="CLASS" missed="1" covered="1" />
  </package>
  <counter type="INSTRUCTION" missed="241" covered="230" />
  <counter type="LINE" missed="99" covered="146" />
  <counter type="METHOD" missed="1" covered="7" />
  <counter type="CLASS" missed="1" covered="7" />
</report>
